c:\users\mathxh\desktop\rtspmonitor\x64\debug\vc120.pdb
c:\users\mathxh\desktop\rtspmonitor\x64\debug\vlcplayer.obj
c:\users\mathxh\desktop\rtspmonitor\x64\debug\rtspthread.obj
c:\users\mathxh\desktop\rtspmonitor\x64\debug\rtspdialog.obj
c:\users\mathxh\desktop\rtspmonitor\x64\debug\qffmpeg.obj
c:\users\mathxh\desktop\rtspmonitor\x64\debug\monitorwindowmanager.obj
c:\users\mathxh\desktop\rtspmonitor\x64\debug\monitorwindow.obj
c:\users\mathxh\desktop\rtspmonitor\x64\debug\main.obj
c:\users\mathxh\desktop\rtspmonitor\x64\debug\global.obj
c:\users\mathxh\desktop\rtspmonitor\x64\debug\moc_vlcplayer.obj
c:\users\mathxh\desktop\rtspmonitor\x64\debug\moc_rtspthread.obj
c:\users\mathxh\desktop\rtspmonitor\x64\debug\moc_rtspdialog.obj
c:\users\mathxh\desktop\rtspmonitor\x64\debug\moc_qffmpeg.obj
c:\users\mathxh\desktop\rtspmonitor\x64\debug\moc_monitorwindowmanager.obj
c:\users\mathxh\desktop\rtspmonitor\x64\debug\moc_monitorwindow.obj
c:\users\mathxh\desktop\rtspmonitor\x64\debug\moc_configuredlg.obj
c:\users\mathxh\desktop\rtspmonitor\x64\debug\configuredlg.obj
c:\users\mathxh\desktop\rtspmonitor\x64\debug\qrc_vlcplayer.obj
c:\users\mathxh\desktop\rtspmonitor\generatedfiles\ui_vlcplayer.h
c:\users\mathxh\desktop\rtspmonitor\generatedfiles\debug\moc_configuredlg.cpp
c:\users\mathxh\desktop\rtspmonitor\generatedfiles\debug\moc_monitorwindow.cpp
c:\users\mathxh\desktop\rtspmonitor\generatedfiles\debug\moc_monitorwindowmanager.cpp
c:\users\mathxh\desktop\rtspmonitor\generatedfiles\debug\moc_rtspthread.cpp
c:\users\mathxh\desktop\rtspmonitor\generatedfiles\debug\moc_qffmpeg.cpp
c:\users\mathxh\desktop\rtspmonitor\generatedfiles\qrc_vlcplayer.cpp
c:\users\mathxh\desktop\rtspmonitor\generatedfiles\ui_rtspdialog.h
c:\users\mathxh\desktop\rtspmonitor\generatedfiles\ui_configuredlg.h
c:\users\mathxh\desktop\rtspmonitor\generatedfiles\debug\moc_vlcplayer.cpp
c:\users\mathxh\desktop\rtspmonitor\generatedfiles\debug\moc_rtspdialog.cpp
c:\users\mathxh\desktop\rtspmonitor\x64\debug\vlcplayer.ilk
c:\users\mathxh\desktop\rtspmonitor\x64\debug\vlcplayer.exe
c:\users\mathxh\desktop\rtspmonitor\x64\debug\vlcplayer.pdb
c:\users\mathxh\desktop\rtspmonitor\x64\debug\vlcplayer.tlog\cl.command.1.tlog
c:\users\mathxh\desktop\rtspmonitor\x64\debug\vlcplayer.tlog\cl.read.1.tlog
c:\users\mathxh\desktop\rtspmonitor\x64\debug\vlcplayer.tlog\cl.write.1.tlog
c:\users\mathxh\desktop\rtspmonitor\x64\debug\vlcplayer.tlog\custombuild.command.1.tlog
c:\users\mathxh\desktop\rtspmonitor\x64\debug\vlcplayer.tlog\custombuild.read.1.tlog
c:\users\mathxh\desktop\rtspmonitor\x64\debug\vlcplayer.tlog\custombuild.write.1.tlog
c:\users\mathxh\desktop\rtspmonitor\x64\debug\vlcplayer.tlog\link.command.1.tlog
c:\users\mathxh\desktop\rtspmonitor\x64\debug\vlcplayer.tlog\link.read.1.tlog
c:\users\mathxh\desktop\rtspmonitor\x64\debug\vlcplayer.tlog\link.write.1.tlog
